-------------------------------------------------------------------------------
Test set: com.vytrack.runners.CukesRunner
-------------------------------------------------------------------------------
Tests run: 3, Failures: 1, Errors: 0, Skipped: 0, Time elapsed: 107.429 s <<< FAILURE! - in com.vytrack.runners.CukesRunner
Store manager user(Account types)  Time elapsed: 29.765 s  <<< FAILURE!
java.lang.AssertionError

